<?xml version="1.0" encoding="UTF-8"?>
<testng-results skipped="0" failed="1" ignored="1" total="5" passed="3">
  <reporter-output>
  </reporter-output>
  <suite name="Test-Suite" duration-ms="39942" started-at="2020-11-21T04:12:51Z" finished-at="2020-11-21T04:13:31Z">
    <groups>
    </groups>
    <test name="mytest" duration-ms="39942" started-at="2020-11-21T04:12:51Z" finished-at="2020-11-21T04:13:31Z">
      <class name="com.testcases.LoginTC">
        <test-method status="PASS" signature="logger()[pri:0, instance:com.testcases.LoginTC@cd3fee8]" name="logger" is-config="true" duration-ms="80" started-at="2020-11-21T04:12:51Z" finished-at="2020-11-21T04:12:51Z">
          <reporter-output>
          </reporter-output>
        </test-method> <!-- logger -->
        <test-method status="FAIL" signature="LoginPagee(java.util.Map)[pri:0, instance:com.testcases.LoginTC@cd3fee8]" name="LoginPagee" duration-ms="15818" started-at="2020-11-21T04:12:51Z" data-provider="fetchAll" finished-at="2020-11-21T04:13:07Z">
          <params>
            <param index="0">
              <value>
                <![CDATA[{actualtext=AUTHENTICATION, url=http://www.automationpractice.com/, email=seleniumaimore@gmail.com, Browser=chrome}]]>
              </value>
            </param>
          </params>
          <exception class="org.openqa.selenium.NoSuchElementException">
            <message>
              <![CDATA[no such element: Unable to locate element: {"method":"xpath","selector":"//*[@id="center_column"]/h1"}
  (Session info: chrome=86.0.4240.198)
For documentation on this error, please visit: https://www.seleniumhq.org/exceptions/no_such_element.html
Build info: version: '3.141.59', revision: 'e82be7d358', time: '2018-11-14T08:17:03'
System info: host: 'LAPTOP-UC8NRPBF', ip: '192.168.0.103', os.name: 'Windows 10', os.arch: 'amd64', os.version: '10.0', java.version: '1.8.0_261'
Driver info: org.openqa.selenium.remote.RemoteWebDriver
Capabilities {acceptInsecureCerts: false, browserName: chrome, browserVersion: 86.0.4240.198, chrome: {chromedriverVersion: 86.0.4240.22 (398b0743353ff..., userDataDir: C:\Users\varun\AppData\Loca...}, goog:chromeOptions: {debuggerAddress: localhost:56528}, javascriptEnabled: true, networkConnectionEnabled: false, pageLoadStrategy: normal, platform: WINDOWS, platformName: WINDOWS, proxy: Proxy(), setWindowRect: true, strictFileInteractability: false, timeouts: {implicit: 0, pageLoad: 300000, script: 30000}, unhandledPromptBehavior: dismiss and notify, webauthn:virtualAuthenticators: true, webdriver.remote.sessionid: 9fa84d8daab8e00fbf3799f6a64...}
Session ID: 9fa84d8daab8e00fbf3799f6a64f652f
*** Element info: {Using=xpath, value=//*[@id="center_column"]/h1}]]>
            </message>
            <full-stacktrace>
              <![CDATA[org.openqa.selenium.NoSuchElementException: no such element: Unable to locate element: {"method":"xpath","selector":"//*[@id="center_column"]/h1"}
  (Session info: chrome=86.0.4240.198)
For documentation on this error, please visit: https://www.seleniumhq.org/exceptions/no_such_element.html
Build info: version: '3.141.59', revision: 'e82be7d358', time: '2018-11-14T08:17:03'
System info: host: 'LAPTOP-UC8NRPBF', ip: '192.168.0.103', os.name: 'Windows 10', os.arch: 'amd64', os.version: '10.0', java.version: '1.8.0_261'
Driver info: org.openqa.selenium.remote.RemoteWebDriver
Capabilities {acceptInsecureCerts: false, browserName: chrome, browserVersion: 86.0.4240.198, chrome: {chromedriverVersion: 86.0.4240.22 (398b0743353ff..., userDataDir: C:\Users\varun\AppData\Loca...}, goog:chromeOptions: {debuggerAddress: localhost:56528}, javascriptEnabled: true, networkConnectionEnabled: false, pageLoadStrategy: normal, platform: WINDOWS, platformName: WINDOWS, proxy: Proxy(), setWindowRect: true, strictFileInteractability: false, timeouts: {implicit: 0, pageLoad: 300000, script: 30000}, unhandledPromptBehavior: dismiss and notify, webauthn:virtualAuthenticators: true, webdriver.remote.sessionid: 9fa84d8daab8e00fbf3799f6a64...}
Session ID: 9fa84d8daab8e00fbf3799f6a64f652f
*** Element info: {Using=xpath, value=//*[@id="center_column"]/h1}
at sun.reflect.NativeConstructorAccessorImpl.newInstance0(Native Method)
at sun.reflect.NativeConstructorAccessorImpl.newInstance(Unknown Source)
at sun.reflect.DelegatingConstructorAccessorImpl.newInstance(Unknown Source)
at java.lang.reflect.Constructor.newInstance(Unknown Source)
at org.openqa.selenium.remote.http.W3CHttpResponseCodec.createException(W3CHttpResponseCodec.java:187)
at org.openqa.selenium.remote.http.W3CHttpResponseCodec.decode(W3CHttpResponseCodec.java:122)
at org.openqa.selenium.remote.http.W3CHttpResponseCodec.decode(W3CHttpResponseCodec.java:49)
at org.openqa.selenium.remote.HttpCommandExecutor.execute(HttpCommandExecutor.java:158)
at org.openqa.selenium.remote.RemoteWebDriver.execute(RemoteWebDriver.java:552)
at org.openqa.selenium.remote.RemoteWebDriver.findElement(RemoteWebDriver.java:323)
at org.openqa.selenium.remote.RemoteWebDriver.findElementByXPath(RemoteWebDriver.java:428)
at org.openqa.selenium.By$ByXPath.findElement(By.java:353)
at org.openqa.selenium.remote.RemoteWebDriver.findElement(RemoteWebDriver.java:315)
at com.programwrappers.KeywordWrappers.getText(KeywordWrappers.java:145)
at com.testcases.LoginTC.LoginPagee(LoginTC.java:61)
at sun.reflect.NativeMethodAccessorImpl.invoke0(Native Method)
at sun.reflect.NativeMethodAccessorImpl.invoke(Unknown Source)
at sun.reflect.DelegatingMethodAccessorImpl.invoke(Unknown Source)
at java.lang.reflect.Method.invoke(Unknown Source)
at org.testng.internal.MethodInvocationHelper.invokeMethod(MethodInvocationHelper.java:124)
at org.testng.internal.Invoker.invokeMethod(Invoker.java:583)
at org.testng.internal.Invoker.invokeTestMethod(Invoker.java:719)
at org.testng.internal.Invoker.invokeTestMethods(Invoker.java:989)
at org.testng.internal.TestMethodWorker.invokeTestMethods(TestMethodWorker.java:125)
at org.testng.internal.TestMethodWorker.run(TestMethodWorker.java:109)
at java.util.concurrent.ThreadPoolExecutor.runWorker(Unknown Source)
at java.util.concurrent.ThreadPoolExecutor$Worker.run(Unknown Source)
at java.lang.Thread.run(Unknown Source)
]]>
            </full-stacktrace>
          </exception> <!-- org.openqa.selenium.NoSuchElementException -->
          <reporter-output>
          </reporter-output>
        </test-method> <!-- LoginPagee -->
        <test-method status="PASS" signature="LoginPagee(java.util.Map)[pri:0, instance:com.testcases.LoginTC@cd3fee8]" name="LoginPagee" duration-ms="23427" started-at="2020-11-21T04:13:07Z" data-provider="fetchAll" finished-at="2020-11-21T04:13:31Z">
          <params>
            <param index="0">
              <value>
                <![CDATA[{actualtext=AUTHENTICATION, url=http://www.automationpractice.com/, email=seleniumaimore@gmail.com, Browser=firefox}]]>
              </value>
            </param>
          </params>
          <reporter-output>
          </reporter-output>
        </test-method> <!-- LoginPagee -->
      </class> <!-- com.testcases.LoginTC -->
      <class name="com.testcases.AnyClass">
        <test-method status="PASS" signature="loginmysite(java.util.Map)[pri:0, instance:com.testcases.AnyClass@3e2e18f2]" name="loginmysite" duration-ms="16025" started-at="2020-11-21T04:12:51Z" data-provider="fetchAll" finished-at="2020-11-21T04:13:07Z">
          <params>
            <param index="0">
              <value>
                <![CDATA[{actualtext=AUTHENTICATION, url=http://www.automationpractice.com/, email=seleniumaimore@gmail.com, Browser=chrome}]]>
              </value>
            </param>
          </params>
          <reporter-output>
          </reporter-output>
        </test-method> <!-- loginmysite -->
        <test-method status="PASS" signature="loginmysite(java.util.Map)[pri:0, instance:com.testcases.AnyClass@3e2e18f2]" name="loginmysite" duration-ms="16739" started-at="2020-11-21T04:13:07Z" data-provider="fetchAll" finished-at="2020-11-21T04:13:24Z">
          <params>
            <param index="0">
              <value>
                <![CDATA[{actualtext=AUTHENTICATION, url=http://www.automationpractice.com/, email=seleniumaimore@gmail.com, Browser=firefox}]]>
              </value>
            </param>
          </params>
          <reporter-output>
          </reporter-output>
        </test-method> <!-- loginmysite -->
      </class> <!-- com.testcases.AnyClass -->
    </test> <!-- mytest -->
  </suite> <!-- Test-Suite -->
</testng-results>
